{"C:\\Users\\gwenc\\RevatureProgramming\\Training\\foundations_project_gwenc\\src\\repository\\employeeDAO.js": {"path":"C:\\Users\\gwenc\\RevatureProgramming\\Training\\foundations_project_gwenc\\src\\repository\\employeeDAO.js","statementMap":{"0":{"start":{"line":1,"column":27},"end":{"line":1,"column":63}},"1":{"start":{"line":2,"column":60},"end":{"line":2,"column":92}},"2":{"start":{"line":3,"column":19},"end":{"line":3,"column":45}},"3":{"start":{"line":5,"column":15},"end":{"line":5,"column":56}},"4":{"start":{"line":6,"column":23},"end":{"line":6,"column":58}},"5":{"start":{"line":8,"column":18},"end":{"line":8,"column":33}},"6":{"start":{"line":13,"column":20},"end":{"line":24,"column":6}},"7":{"start":{"line":26,"column":4},"end":{"line":33,"column":5}},"8":{"start":{"line":27,"column":27},"end":{"line":27,"column":61}},"9":{"start":{"line":28,"column":8},"end":{"line":28,"column":72}},"10":{"start":{"line":29,"column":8},"end":{"line":29,"column":26}},"11":{"start":{"line":32,"column":8},"end":{"line":32,"column":27}},"12":{"start":{"line":40,"column":20},"end":{"line":45,"column":6}},"13":{"start":{"line":47,"column":4},"end":{"line":54,"column":5}},"14":{"start":{"line":48,"column":27},"end":{"line":48,"column":61}},"15":{"start":{"line":49,"column":8},"end":{"line":49,"column":87}},"16":{"start":{"line":50,"column":8},"end":{"line":50,"column":32}},"17":{"start":{"line":52,"column":8},"end":{"line":52,"column":28}},"18":{"start":{"line":53,"column":8},"end":{"line":53,"column":20}},"19":{"start":{"line":60,"column":0},"end":{"line":63,"column":1}}},"fnMap":{"0":{"name":"submitNewTicket","decl":{"start":{"line":12,"column":15},"end":{"line":12,"column":30}},"loc":{"start":{"line":12,"column":38},"end":{"line":34,"column":1}},"line":12},"1":{"name":"getAllTicketsByCreatorName","decl":{"start":{"line":39,"column":15},"end":{"line":39,"column":41}},"loc":{"start":{"line":39,"column":50},"end":{"line":55,"column":1}},"line":39}},"branchMap":{},"s":{"0":2,"1":2,"2":2,"3":2,"4":2,"5":2,"6":0,"7":0,"8":0,"9":0,"10":0,"11":0,"12":0,"13":0,"14":0,"15":0,"16":0,"17":0,"18":0,"19":2},"f":{"0":0,"1":0},"b":{},"_coverageSchema":"1a1c01bbd47fc00a2c39e90264f33305004495a9","hash":"26a7d183f7f7d88f9e6625e3863e3d0f523fe8a3"}
,"C:\\Users\\gwenc\\RevatureProgramming\\Training\\foundations_project_gwenc\\src\\repository\\financeMgrDAO.js": {"path":"C:\\Users\\gwenc\\RevatureProgramming\\Training\\foundations_project_gwenc\\src\\repository\\financeMgrDAO.js","statementMap":{"0":{"start":{"line":1,"column":27},"end":{"line":1,"column":63}},"1":{"start":{"line":2,"column":60},"end":{"line":2,"column":92}},"2":{"start":{"line":3,"column":19},"end":{"line":3,"column":45}},"3":{"start":{"line":5,"column":15},"end":{"line":5,"column":56}},"4":{"start":{"line":6,"column":23},"end":{"line":6,"column":58}},"5":{"start":{"line":8,"column":18},"end":{"line":8,"column":33}},"6":{"start":{"line":11,"column":20},"end":{"line":16,"column":6}},"7":{"start":{"line":18,"column":4},"end":{"line":25,"column":5}},"8":{"start":{"line":19,"column":27},"end":{"line":19,"column":61}},"9":{"start":{"line":20,"column":8},"end":{"line":20,"column":87}},"10":{"start":{"line":21,"column":8},"end":{"line":21,"column":32}},"11":{"start":{"line":23,"column":8},"end":{"line":23,"column":28}},"12":{"start":{"line":24,"column":8},"end":{"line":24,"column":20}},"13":{"start":{"line":31,"column":20},"end":{"line":34,"column":6}},"14":{"start":{"line":36,"column":4},"end":{"line":42,"column":5}},"15":{"start":{"line":37,"column":24},"end":{"line":37,"column":52}},"16":{"start":{"line":38,"column":8},"end":{"line":38,"column":61}},"17":{"start":{"line":39,"column":8},"end":{"line":39,"column":23}},"18":{"start":{"line":41,"column":8},"end":{"line":41,"column":28}},"19":{"start":{"line":49,"column":0},"end":{"line":52,"column":1}}},"fnMap":{"0":{"name":"getAllPendingTickets","decl":{"start":{"line":10,"column":15},"end":{"line":10,"column":35}},"loc":{"start":{"line":10,"column":37},"end":{"line":26,"column":1}},"line":10},"1":{"name":"editTicket","decl":{"start":{"line":30,"column":15},"end":{"line":30,"column":25}},"loc":{"start":{"line":30,"column":33},"end":{"line":44,"column":1}},"line":30}},"branchMap":{},"s":{"0":1,"1":1,"2":1,"3":1,"4":1,"5":1,"6":0,"7":0,"8":0,"9":0,"10":0,"11":0,"12":0,"13":0,"14":0,"15":0,"16":0,"17":0,"18":0,"19":1},"f":{"0":0,"1":0},"b":{},"_coverageSchema":"1a1c01bbd47fc00a2c39e90264f33305004495a9","hash":"ebaa40a3b366731557c0099291862b571c357cb4"}
,"C:\\Users\\gwenc\\RevatureProgramming\\Training\\foundations_project_gwenc\\src\\repository\\userDAO.js": {"path":"C:\\Users\\gwenc\\RevatureProgramming\\Training\\foundations_project_gwenc\\src\\repository\\userDAO.js","statementMap":{"0":{"start":{"line":1,"column":27},"end":{"line":1,"column":63}},"1":{"start":{"line":2,"column":60},"end":{"line":2,"column":92}},"2":{"start":{"line":3,"column":19},"end":{"line":3,"column":45}},"3":{"start":{"line":5,"column":15},"end":{"line":5,"column":56}},"4":{"start":{"line":6,"column":23},"end":{"line":6,"column":58}},"5":{"start":{"line":8,"column":18},"end":{"line":8,"column":30}},"6":{"start":{"line":15,"column":4},"end":{"line":15,"column":46}},"7":{"start":{"line":16,"column":20},"end":{"line":19,"column":6}},"8":{"start":{"line":21,"column":4},"end":{"line":31,"column":5}},"9":{"start":{"line":23,"column":33},"end":{"line":23,"column":67}},"10":{"start":{"line":24,"column":8},"end":{"line":24,"column":54}},"11":{"start":{"line":25,"column":8},"end":{"line":25,"column":88}},"12":{"start":{"line":26,"column":8},"end":{"line":26,"column":32}},"13":{"start":{"line":30,"column":8},"end":{"line":30,"column":28}},"14":{"start":{"line":61,"column":20},"end":{"line":66,"column":6}},"15":{"start":{"line":68,"column":4},"end":{"line":76,"column":5}},"16":{"start":{"line":69,"column":25},"end":{"line":69,"column":59}},"17":{"start":{"line":71,"column":8},"end":{"line":71,"column":81}},"18":{"start":{"line":72,"column":8},"end":{"line":72,"column":33}},"19":{"start":{"line":74,"column":8},"end":{"line":74,"column":28}},"20":{"start":{"line":75,"column":8},"end":{"line":75,"column":20}},"21":{"start":{"line":82,"column":0},"end":{"line":85,"column":1}}},"fnMap":{"0":{"name":"registerNewUser","decl":{"start":{"line":14,"column":15},"end":{"line":14,"column":30}},"loc":{"start":{"line":14,"column":36},"end":{"line":32,"column":1}},"line":14},"1":{"name":"getUserByUsername","decl":{"start":{"line":60,"column":15},"end":{"line":60,"column":32}},"loc":{"start":{"line":60,"column":42},"end":{"line":77,"column":1}},"line":60}},"branchMap":{},"s":{"0":2,"1":2,"2":2,"3":2,"4":2,"5":2,"6":0,"7":0,"8":0,"9":0,"10":0,"11":0,"12":0,"13":0,"14":2,"15":2,"16":2,"17":0,"18":0,"19":0,"20":0,"21":2},"f":{"0":0,"1":2},"b":{},"_coverageSchema":"1a1c01bbd47fc00a2c39e90264f33305004495a9","hash":"c16cf5478e89ee3bce6785547ca9c72e3c99d305"}
,"C:\\Users\\gwenc\\RevatureProgramming\\Training\\foundations_project_gwenc\\src\\service\\employeeService.js": {"path":"C:\\Users\\gwenc\\RevatureProgramming\\Training\\foundations_project_gwenc\\src\\service\\employeeService.js","statementMap":{"0":{"start":{"line":1,"column":20},"end":{"line":1,"column":57}},"1":{"start":{"line":2,"column":16},"end":{"line":2,"column":48}},"2":{"start":{"line":3,"column":19},"end":{"line":3,"column":44}},"3":{"start":{"line":4,"column":70},"end":{"line":4,"column":127}},"4":{"start":{"line":11,"column":23},"end":{"line":11,"column":60}},"5":{"start":{"line":12,"column":22},"end":{"line":12,"column":50}},"6":{"start":{"line":13,"column":20},"end":{"line":13,"column":46}},"7":{"start":{"line":15,"column":4},"end":{"line":38,"column":5}},"8":{"start":{"line":16,"column":8},"end":{"line":16,"column":42}},"9":{"start":{"line":18,"column":8},"end":{"line":18,"column":38}},"10":{"start":{"line":19,"column":8},"end":{"line":37,"column":9}},"11":{"start":{"line":20,"column":12},"end":{"line":20,"column":49}},"12":{"start":{"line":22,"column":12},"end":{"line":22,"column":41}},"13":{"start":{"line":23,"column":12},"end":{"line":36,"column":13}},"14":{"start":{"line":24,"column":16},"end":{"line":24,"column":50}},"15":{"start":{"line":26,"column":16},"end":{"line":26,"column":43}},"16":{"start":{"line":27,"column":38},"end":{"line":34,"column":18}},"17":{"start":{"line":35,"column":16},"end":{"line":35,"column":37}},"18":{"start":{"line":48,"column":23},"end":{"line":48,"column":70}},"19":{"start":{"line":49,"column":4},"end":{"line":55,"column":5}},"20":{"start":{"line":50,"column":8},"end":{"line":50,"column":42}},"21":{"start":{"line":51,"column":8},"end":{"line":51,"column":26}},"22":{"start":{"line":53,"column":8},"end":{"line":53,"column":46}},"23":{"start":{"line":54,"column":8},"end":{"line":54,"column":50}},"24":{"start":{"line":61,"column":0},"end":{"line":64,"column":1}}},"fnMap":{"0":{"name":"submitNewTicket","decl":{"start":{"line":10,"column":15},"end":{"line":10,"column":30}},"loc":{"start":{"line":10,"column":38},"end":{"line":40,"column":1}},"line":10},"1":{"name":"getAllTicketsByCreatorName","decl":{"start":{"line":47,"column":15},"end":{"line":47,"column":41}},"loc":{"start":{"line":47,"column":50},"end":{"line":57,"column":1}},"line":47}},"branchMap":{"0":{"loc":{"start":{"line":15,"column":4},"end":{"line":38,"column":5}},"type":"if","locations":[{"start":{"line":15,"column":4},"end":{"line":38,"column":5}},{"start":{"line":17,"column":10},"end":{"line":38,"column":5}}],"line":15},"1":{"loc":{"start":{"line":19,"column":8},"end":{"line":37,"column":9}},"type":"if","locations":[{"start":{"line":19,"column":8},"end":{"line":37,"column":9}},{"start":{"line":21,"column":13},"end":{"line":37,"column":9}}],"line":19},"2":{"loc":{"start":{"line":23,"column":12},"end":{"line":36,"column":13}},"type":"if","locations":[{"start":{"line":23,"column":12},"end":{"line":36,"column":13}},{"start":{"line":25,"column":17},"end":{"line":36,"column":13}}],"line":23},"3":{"loc":{"start":{"line":49,"column":4},"end":{"line":55,"column":5}},"type":"if","locations":[{"start":{"line":49,"column":4},"end":{"line":55,"column":5}},{"start":{"line":52,"column":9},"end":{"line":55,"column":5}}],"line":49},"4":{"loc":{"start":{"line":49,"column":7},"end":{"line":49,"column":34}},"type":"binary-expr","locations":[{"start":{"line":49,"column":7},"end":{"line":49,"column":17}},{"start":{"line":49,"column":21},"end":{"line":49,"column":34}}],"line":49}},"s":{"0":1,"1":1,"2":1,"3":1,"4":0,"5":0,"6":0,"7":0,"8":0,"9":0,"10":0,"11":0,"12":0,"13":0,"14":0,"15":0,"16":0,"17":0,"18":0,"19":0,"20":0,"21":0,"22":0,"23":0,"24":1},"f":{"0":0,"1":0},"b":{"0":[0,0],"1":[0,0],"2":[0,0],"3":[0,0],"4":[0,0]},"_coverageSchema":"1a1c01bbd47fc00a2c39e90264f33305004495a9","hash":"36d3ebb8655942428aa89fad155a68aa005c1103"}
,"C:\\Users\\gwenc\\RevatureProgramming\\Training\\foundations_project_gwenc\\src\\service\\financeMgrService.js": {"path":"C:\\Users\\gwenc\\RevatureProgramming\\Training\\foundations_project_gwenc\\src\\service\\financeMgrService.js","statementMap":{"0":{"start":{"line":1,"column":22},"end":{"line":1,"column":61}},"1":{"start":{"line":2,"column":20},"end":{"line":2,"column":56}},"2":{"start":{"line":3,"column":19},"end":{"line":3,"column":44}},"3":{"start":{"line":9,"column":30},"end":{"line":9,"column":66}},"4":{"start":{"line":10,"column":4},"end":{"line":16,"column":5}},"5":{"start":{"line":11,"column":8},"end":{"line":11,"column":35}},"6":{"start":{"line":12,"column":8},"end":{"line":12,"column":33}},"7":{"start":{"line":14,"column":8},"end":{"line":14,"column":39}},"8":{"start":{"line":15,"column":8},"end":{"line":15,"column":20}},"9":{"start":{"line":23,"column":4},"end":{"line":37,"column":5}},"10":{"start":{"line":24,"column":8},"end":{"line":24,"column":44}},"11":{"start":{"line":26,"column":8},"end":{"line":26,"column":36}},"12":{"start":{"line":27,"column":28},"end":{"line":34,"column":10}},"13":{"start":{"line":35,"column":8},"end":{"line":35,"column":51}},"14":{"start":{"line":36,"column":8},"end":{"line":36,"column":27}},"15":{"start":{"line":43,"column":4},"end":{"line":57,"column":5}},"16":{"start":{"line":44,"column":8},"end":{"line":44,"column":44}},"17":{"start":{"line":46,"column":8},"end":{"line":46,"column":36}},"18":{"start":{"line":47,"column":28},"end":{"line":54,"column":10}},"19":{"start":{"line":55,"column":8},"end":{"line":55,"column":51}},"20":{"start":{"line":56,"column":8},"end":{"line":56,"column":27}},"21":{"start":{"line":62,"column":0},"end":{"line":66,"column":1}}},"fnMap":{"0":{"name":"getAllPendingTickets","decl":{"start":{"line":8,"column":15},"end":{"line":8,"column":35}},"loc":{"start":{"line":8,"column":37},"end":{"line":17,"column":1}},"line":8},"1":{"name":"approveTicket","decl":{"start":{"line":22,"column":15},"end":{"line":22,"column":28}},"loc":{"start":{"line":22,"column":36},"end":{"line":38,"column":1}},"line":22},"2":{"name":"denyTicket","decl":{"start":{"line":42,"column":15},"end":{"line":42,"column":25}},"loc":{"start":{"line":42,"column":33},"end":{"line":58,"column":1}},"line":42}},"branchMap":{"0":{"loc":{"start":{"line":10,"column":4},"end":{"line":16,"column":5}},"type":"if","locations":[{"start":{"line":10,"column":4},"end":{"line":16,"column":5}},{"start":{"line":13,"column":10},"end":{"line":16,"column":5}}],"line":10},"1":{"loc":{"start":{"line":23,"column":4},"end":{"line":37,"column":5}},"type":"if","locations":[{"start":{"line":23,"column":4},"end":{"line":37,"column":5}},{"start":{"line":25,"column":9},"end":{"line":37,"column":5}}],"line":23},"2":{"loc":{"start":{"line":43,"column":4},"end":{"line":57,"column":5}},"type":"if","locations":[{"start":{"line":43,"column":4},"end":{"line":57,"column":5}},{"start":{"line":45,"column":9},"end":{"line":57,"column":5}}],"line":43}},"s":{"0":1,"1":1,"2":1,"3":0,"4":0,"5":0,"6":0,"7":0,"8":0,"9":0,"10":0,"11":0,"12":0,"13":0,"14":0,"15":0,"16":0,"17":0,"18":0,"19":0,"20":0,"21":1},"f":{"0":0,"1":0,"2":0},"b":{"0":[0,0],"1":[0,0],"2":[0,0]},"_coverageSchema":"1a1c01bbd47fc00a2c39e90264f33305004495a9","hash":"ee8fa7b694816f60df5f2258556f24e352b1faa4"}
,"C:\\Users\\gwenc\\RevatureProgramming\\Training\\foundations_project_gwenc\\src\\service\\userService.js": {"path":"C:\\Users\\gwenc\\RevatureProgramming\\Training\\foundations_project_gwenc\\src\\service\\userService.js","statementMap":{"0":{"start":{"line":1,"column":16},"end":{"line":1,"column":48}},"1":{"start":{"line":2,"column":15},"end":{"line":2,"column":32}},"2":{"start":{"line":3,"column":20},"end":{"line":3,"column":45}},"3":{"start":{"line":4,"column":51},"end":{"line":4,"column":106}},"4":{"start":{"line":8,"column":23},"end":{"line":8,"column":25}},"5":{"start":{"line":9,"column":4},"end":{"line":31,"column":4}},"6":{"start":{"line":10,"column":8},"end":{"line":10,"column":45}},"7":{"start":{"line":11,"column":28},"end":{"line":11,"column":71}},"8":{"start":{"line":12,"column":8},"end":{"line":12,"column":55}},"9":{"start":{"line":13,"column":8},"end":{"line":28,"column":9}},"10":{"start":{"line":14,"column":12},"end":{"line":14,"column":56}},"11":{"start":{"line":15,"column":12},"end":{"line":15,"column":56}},"12":{"start":{"line":17,"column":12},"end":{"line":17,"column":57}},"13":{"start":{"line":18,"column":12},"end":{"line":18,"column":60}},"14":{"start":{"line":19,"column":29},"end":{"line":19,"column":73}},"15":{"start":{"line":20,"column":32},"end":{"line":24,"column":14}},"16":{"start":{"line":25,"column":12},"end":{"line":25,"column":55}},"17":{"start":{"line":26,"column":12},"end":{"line":26,"column":75}},"18":{"start":{"line":27,"column":12},"end":{"line":27,"column":31}},"19":{"start":{"line":30,"column":8},"end":{"line":30,"column":59}},"20":{"start":{"line":39,"column":22},"end":{"line":39,"column":55}},"21":{"start":{"line":40,"column":4},"end":{"line":45,"column":5}},"22":{"start":{"line":41,"column":8},"end":{"line":41,"column":68}},"23":{"start":{"line":42,"column":8},"end":{"line":42,"column":25}},"24":{"start":{"line":44,"column":8},"end":{"line":44,"column":66}},"25":{"start":{"line":49,"column":4},"end":{"line":58,"column":5}},"26":{"start":{"line":50,"column":21},"end":{"line":50,"column":62}},"27":{"start":{"line":51,"column":8},"end":{"line":57,"column":9}},"28":{"start":{"line":52,"column":12},"end":{"line":52,"column":67}},"29":{"start":{"line":53,"column":12},"end":{"line":53,"column":24}},"30":{"start":{"line":55,"column":12},"end":{"line":55,"column":60}},"31":{"start":{"line":56,"column":12},"end":{"line":56,"column":54}},"32":{"start":{"line":61,"column":0},"end":{"line":65,"column":1}}},"fnMap":{"0":{"name":"registerNewUser","decl":{"start":{"line":7,"column":15},"end":{"line":7,"column":30}},"loc":{"start":{"line":7,"column":36},"end":{"line":32,"column":1}},"line":7},"1":{"name":"validateUserLogin","decl":{"start":{"line":38,"column":15},"end":{"line":38,"column":32}},"loc":{"start":{"line":38,"column":52},"end":{"line":46,"column":1}},"line":38},"2":{"name":"getUserByUsername","decl":{"start":{"line":48,"column":15},"end":{"line":48,"column":32}},"loc":{"start":{"line":48,"column":43},"end":{"line":59,"column":1}},"line":48}},"branchMap":{"0":{"loc":{"start":{"line":9,"column":4},"end":{"line":31,"column":4}},"type":"if","locations":[{"start":{"line":9,"column":4},"end":{"line":31,"column":4}},{"start":{"line":29,"column":8},"end":{"line":31,"column":4}}],"line":9},"1":{"loc":{"start":{"line":13,"column":8},"end":{"line":28,"column":9}},"type":"if","locations":[{"start":{"line":13,"column":8},"end":{"line":28,"column":9}},{"start":{"line":16,"column":13},"end":{"line":28,"column":9}}],"line":13},"2":{"loc":{"start":{"line":40,"column":4},"end":{"line":45,"column":5}},"type":"if","locations":[{"start":{"line":40,"column":4},"end":{"line":45,"column":5}},{"start":{"line":43,"column":9},"end":{"line":45,"column":5}}],"line":40},"3":{"loc":{"start":{"line":40,"column":8},"end":{"line":40,"column":73}},"type":"binary-expr","locations":[{"start":{"line":40,"column":8},"end":{"line":40,"column":17}},{"start":{"line":40,"column":22},"end":{"line":40,"column":72}}],"line":40},"4":{"loc":{"start":{"line":49,"column":4},"end":{"line":58,"column":5}},"type":"if","locations":[{"start":{"line":49,"column":4},"end":{"line":58,"column":5}},{"start":{},"end":{}}],"line":49},"5":{"loc":{"start":{"line":51,"column":8},"end":{"line":57,"column":9}},"type":"if","locations":[{"start":{"line":51,"column":8},"end":{"line":57,"column":9}},{"start":{"line":54,"column":13},"end":{"line":57,"column":9}}],"line":51}},"s":{"0":1,"1":1,"2":1,"3":1,"4":0,"5":0,"6":0,"7":0,"8":0,"9":0,"10":0,"11":0,"12":0,"13":0,"14":0,"15":0,"16":0,"17":0,"18":0,"19":0,"20":0,"21":0,"22":0,"23":0,"24":0,"25":0,"26":0,"27":0,"28":0,"29":0,"30":0,"31":0,"32":1},"f":{"0":0,"1":0,"2":0},"b":{"0":[0,0],"1":[0,0],"2":[0,0],"3":[0,0],"4":[0,0],"5":[0,0]},"_coverageSchema":"1a1c01bbd47fc00a2c39e90264f33305004495a9","hash":"e6ca1aa9cfe838c3ca3a6dbaed2ab6a6af894461"}
,"C:\\Users\\gwenc\\RevatureProgramming\\Training\\foundations_project_gwenc\\src\\service\\utilService\\validateRegistration.js": {"path":"C:\\Users\\gwenc\\RevatureProgramming\\Training\\foundations_project_gwenc\\src\\service\\utilService\\validateRegistration.js","statementMap":{"0":{"start":{"line":1,"column":16},"end":{"line":1,"column":52}},"1":{"start":{"line":2,"column":15},"end":{"line":2,"column":32}},"2":{"start":{"line":3,"column":20},"end":{"line":3,"column":48}},"3":{"start":{"line":11,"column":26},"end":{"line":11,"column":46}},"4":{"start":{"line":12,"column":26},"end":{"line":12,"column":46}},"5":{"start":{"line":14,"column":4},"end":{"line":21,"column":5}},"6":{"start":{"line":15,"column":8},"end":{"line":15,"column":88}},"7":{"start":{"line":17,"column":8},"end":{"line":17,"column":20}},"8":{"start":{"line":19,"column":8},"end":{"line":19,"column":81}},"9":{"start":{"line":20,"column":8},"end":{"line":20,"column":20}},"10":{"start":{"line":26,"column":23},"end":{"line":26,"column":64}},"11":{"start":{"line":27,"column":4},"end":{"line":34,"column":5}},"12":{"start":{"line":28,"column":8},"end":{"line":28,"column":82}},"13":{"start":{"line":29,"column":8},"end":{"line":29,"column":66}},"14":{"start":{"line":30,"column":8},"end":{"line":30,"column":21}},"15":{"start":{"line":32,"column":8},"end":{"line":32,"column":74}},"16":{"start":{"line":33,"column":8},"end":{"line":33,"column":20}},"17":{"start":{"line":37,"column":0},"end":{"line":40,"column":1}}},"fnMap":{"0":{"name":"validateFields","decl":{"start":{"line":10,"column":15},"end":{"line":10,"column":29}},"loc":{"start":{"line":10,"column":35},"end":{"line":22,"column":1}},"line":10},"1":{"name":"validateUniqueUsername","decl":{"start":{"line":25,"column":15},"end":{"line":25,"column":37}},"loc":{"start":{"line":25,"column":47},"end":{"line":35,"column":1}},"line":25}},"branchMap":{"0":{"loc":{"start":{"line":14,"column":4},"end":{"line":21,"column":5}},"type":"if","locations":[{"start":{"line":14,"column":4},"end":{"line":21,"column":5}},{"start":{"line":18,"column":9},"end":{"line":21,"column":5}}],"line":14},"1":{"loc":{"start":{"line":14,"column":7},"end":{"line":14,"column":45}},"type":"binary-expr","locations":[{"start":{"line":14,"column":7},"end":{"line":14,"column":24}},{"start":{"line":14,"column":28},"end":{"line":14,"column":45}}],"line":14},"2":{"loc":{"start":{"line":27,"column":4},"end":{"line":34,"column":5}},"type":"if","locations":[{"start":{"line":27,"column":4},"end":{"line":34,"column":5}},{"start":{"line":31,"column":9},"end":{"line":34,"column":5}}],"line":27}},"s":{"0":2,"1":2,"2":2,"3":1,"4":1,"5":1,"6":1,"7":1,"8":0,"9":0,"10":2,"11":0,"12":0,"13":0,"14":0,"15":0,"16":0,"17":2},"f":{"0":1,"1":2},"b":{"0":[1,0],"1":[1,1],"2":[0,0]},"_coverageSchema":"1a1c01bbd47fc00a2c39e90264f33305004495a9","hash":"c932ee5a6694a738dfc12119f4973ada7b42c2e0"}
,"C:\\Users\\gwenc\\RevatureProgramming\\Training\\foundations_project_gwenc\\src\\service\\utilService\\validateTicketCreation.js": {"path":"C:\\Users\\gwenc\\RevatureProgramming\\Training\\foundations_project_gwenc\\src\\service\\utilService\\validateTicketCreation.js","statementMap":{"0":{"start":{"line":1,"column":20},"end":{"line":1,"column":60}},"1":{"start":{"line":2,"column":16},"end":{"line":2,"column":52}},"2":{"start":{"line":3,"column":20},"end":{"line":3,"column":46}},"3":{"start":{"line":4,"column":20},"end":{"line":4,"column":48}},"4":{"start":{"line":21,"column":24},"end":{"line":21,"column":69}},"5":{"start":{"line":22,"column":4},"end":{"line":28,"column":5}},"6":{"start":{"line":23,"column":8},"end":{"line":23,"column":62}},"7":{"start":{"line":24,"column":8},"end":{"line":24,"column":20}},"8":{"start":{"line":26,"column":8},"end":{"line":26,"column":44}},"9":{"start":{"line":27,"column":8},"end":{"line":27,"column":21}},"10":{"start":{"line":36,"column":24},"end":{"line":36,"column":37}},"11":{"start":{"line":37,"column":4},"end":{"line":43,"column":5}},"12":{"start":{"line":38,"column":8},"end":{"line":38,"column":66}},"13":{"start":{"line":39,"column":8},"end":{"line":39,"column":21}},"14":{"start":{"line":41,"column":8},"end":{"line":41,"column":52}},"15":{"start":{"line":42,"column":8},"end":{"line":42,"column":20}},"16":{"start":{"line":49,"column":22},"end":{"line":49,"column":40}},"17":{"start":{"line":50,"column":4},"end":{"line":56,"column":5}},"18":{"start":{"line":51,"column":8},"end":{"line":51,"column":75}},"19":{"start":{"line":52,"column":8},"end":{"line":52,"column":21}},"20":{"start":{"line":54,"column":8},"end":{"line":54,"column":57}},"21":{"start":{"line":55,"column":8},"end":{"line":55,"column":20}},"22":{"start":{"line":62,"column":0},"end":{"line":67,"column":1}}},"fnMap":{"0":{"name":"validateCreator","decl":{"start":{"line":20,"column":15},"end":{"line":20,"column":30}},"loc":{"start":{"line":20,"column":40},"end":{"line":29,"column":1}},"line":20},"1":{"name":"validateAmount","decl":{"start":{"line":35,"column":15},"end":{"line":35,"column":29}},"loc":{"start":{"line":35,"column":38},"end":{"line":44,"column":1}},"line":35},"2":{"name":"validateDesc","decl":{"start":{"line":48,"column":15},"end":{"line":48,"column":27}},"loc":{"start":{"line":48,"column":36},"end":{"line":57,"column":1}},"line":48}},"branchMap":{"0":{"loc":{"start":{"line":22,"column":4},"end":{"line":28,"column":5}},"type":"if","locations":[{"start":{"line":22,"column":4},"end":{"line":28,"column":5}},{"start":{"line":25,"column":10},"end":{"line":28,"column":5}}],"line":22},"1":{"loc":{"start":{"line":37,"column":4},"end":{"line":43,"column":5}},"type":"if","locations":[{"start":{"line":37,"column":4},"end":{"line":43,"column":5}},{"start":{"line":40,"column":9},"end":{"line":43,"column":5}}],"line":37},"2":{"loc":{"start":{"line":37,"column":8},"end":{"line":37,"column":68}},"type":"binary-expr","locations":[{"start":{"line":37,"column":8},"end":{"line":37,"column":24}},{"start":{"line":37,"column":28},"end":{"line":37,"column":45}},{"start":{"line":37,"column":49},"end":{"line":37,"column":68}}],"line":37},"3":{"loc":{"start":{"line":50,"column":4},"end":{"line":56,"column":5}},"type":"if","locations":[{"start":{"line":50,"column":4},"end":{"line":56,"column":5}},{"start":{"line":53,"column":9},"end":{"line":56,"column":5}}],"line":50},"4":{"loc":{"start":{"line":50,"column":8},"end":{"line":50,"column":62}},"type":"binary-expr","locations":[{"start":{"line":50,"column":8},"end":{"line":50,"column":22}},{"start":{"line":50,"column":26},"end":{"line":50,"column":41}},{"start":{"line":50,"column":45},"end":{"line":50,"column":62}}],"line":50}},"s":{"0":1,"1":1,"2":1,"3":1,"4":0,"5":0,"6":0,"7":0,"8":0,"9":0,"10":0,"11":0,"12":0,"13":0,"14":0,"15":0,"16":0,"17":0,"18":0,"19":0,"20":0,"21":0,"22":1},"f":{"0":0,"1":0,"2":0},"b":{"0":[0,0],"1":[0,0],"2":[0,0,0],"3":[0,0],"4":[0,0,0]},"_coverageSchema":"1a1c01bbd47fc00a2c39e90264f33305004495a9","hash":"b0165987e165f9de42906c0d57021ac0ca293b55"}
,"C:\\Users\\gwenc\\RevatureProgramming\\Training\\foundations_project_gwenc\\src\\util\\logger.js": {"path":"C:\\Users\\gwenc\\RevatureProgramming\\Training\\foundations_project_gwenc\\src\\util\\logger.js","statementMap":{"0":{"start":{"line":1,"column":45},"end":{"line":1,"column":63}},"1":{"start":{"line":3,"column":15},"end":{"line":14,"column":2}},"2":{"start":{"line":7,"column":6},"end":{"line":7,"column":51}},"3":{"start":{"line":17,"column":0},"end":{"line":19,"column":1}}},"fnMap":{"0":{"name":"(anonymous_0)","decl":{"start":{"line":6,"column":18},"end":{"line":6,"column":19}},"loc":{"start":{"line":6,"column":53},"end":{"line":8,"column":5}},"line":6}},"branchMap":{},"s":{"0":3,"1":3,"2":1,"3":3},"f":{"0":1},"b":{},"_coverageSchema":"1a1c01bbd47fc00a2c39e90264f33305004495a9","hash":"d2af07da3c8440064149181ccdb34715c7c8eca8"}
}
