{"C:\\Users\\gwenc\\RevatureProgramming\\Training\\foundations_project_gwenc\\src\\repository\\employeeDAO.js": {"path":"C:\\Users\\gwenc\\RevatureProgramming\\Training\\foundations_project_gwenc\\src\\repository\\employeeDAO.js","statementMap":{"0":{"start":{"line":1,"column":27},"end":{"line":1,"column":63}},"1":{"start":{"line":2,"column":60},"end":{"line":2,"column":92}},"2":{"start":{"line":3,"column":19},"end":{"line":3,"column":45}},"3":{"start":{"line":5,"column":15},"end":{"line":5,"column":56}},"4":{"start":{"line":6,"column":23},"end":{"line":6,"column":58}},"5":{"start":{"line":8,"column":18},"end":{"line":8,"column":33}},"6":{"start":{"line":12,"column":20},"end":{"line":15,"column":6}},"7":{"start":{"line":17,"column":4},"end":{"line":24,"column":5}},"8":{"start":{"line":18,"column":27},"end":{"line":18,"column":61}},"9":{"start":{"line":19,"column":8},"end":{"line":19,"column":72}},"10":{"start":{"line":20,"column":8},"end":{"line":20,"column":26}},"11":{"start":{"line":23,"column":8},"end":{"line":23,"column":27}},"12":{"start":{"line":31,"column":20},"end":{"line":36,"column":6}},"13":{"start":{"line":38,"column":4},"end":{"line":45,"column":5}},"14":{"start":{"line":39,"column":27},"end":{"line":39,"column":61}},"15":{"start":{"line":40,"column":8},"end":{"line":40,"column":87}},"16":{"start":{"line":41,"column":8},"end":{"line":41,"column":32}},"17":{"start":{"line":43,"column":8},"end":{"line":43,"column":28}},"18":{"start":{"line":44,"column":8},"end":{"line":44,"column":20}},"19":{"start":{"line":50,"column":0},"end":{"line":53,"column":1}}},"fnMap":{"0":{"name":"submitNewTicket","decl":{"start":{"line":11,"column":15},"end":{"line":11,"column":30}},"loc":{"start":{"line":11,"column":38},"end":{"line":25,"column":1}},"line":11},"1":{"name":"getAllTicketsByCreatorName","decl":{"start":{"line":30,"column":15},"end":{"line":30,"column":41}},"loc":{"start":{"line":30,"column":50},"end":{"line":46,"column":1}},"line":30}},"branchMap":{},"s":{"0":2,"1":2,"2":2,"3":2,"4":2,"5":2,"6":0,"7":0,"8":0,"9":0,"10":0,"11":0,"12":0,"13":0,"14":0,"15":0,"16":0,"17":0,"18":0,"19":2},"f":{"0":0,"1":0},"b":{},"_coverageSchema":"1a1c01bbd47fc00a2c39e90264f33305004495a9","hash":"fc848dd43d72b23f0772b440cfecae9a404ef12e"}
,"C:\\Users\\gwenc\\RevatureProgramming\\Training\\foundations_project_gwenc\\src\\repository\\financeMgrDAO.js": {"path":"C:\\Users\\gwenc\\RevatureProgramming\\Training\\foundations_project_gwenc\\src\\repository\\financeMgrDAO.js","statementMap":{"0":{"start":{"line":1,"column":27},"end":{"line":1,"column":63}},"1":{"start":{"line":2,"column":60},"end":{"line":2,"column":92}},"2":{"start":{"line":3,"column":19},"end":{"line":3,"column":45}},"3":{"start":{"line":5,"column":15},"end":{"line":5,"column":56}},"4":{"start":{"line":6,"column":23},"end":{"line":6,"column":58}},"5":{"start":{"line":8,"column":18},"end":{"line":8,"column":33}},"6":{"start":{"line":11,"column":20},"end":{"line":16,"column":6}},"7":{"start":{"line":18,"column":4},"end":{"line":25,"column":5}},"8":{"start":{"line":19,"column":27},"end":{"line":19,"column":61}},"9":{"start":{"line":20,"column":8},"end":{"line":20,"column":87}},"10":{"start":{"line":21,"column":8},"end":{"line":21,"column":32}},"11":{"start":{"line":23,"column":8},"end":{"line":23,"column":28}},"12":{"start":{"line":24,"column":8},"end":{"line":24,"column":20}},"13":{"start":{"line":31,"column":20},"end":{"line":34,"column":6}},"14":{"start":{"line":36,"column":4},"end":{"line":42,"column":5}},"15":{"start":{"line":37,"column":24},"end":{"line":37,"column":52}},"16":{"start":{"line":38,"column":8},"end":{"line":38,"column":61}},"17":{"start":{"line":39,"column":8},"end":{"line":39,"column":23}},"18":{"start":{"line":41,"column":8},"end":{"line":41,"column":28}},"19":{"start":{"line":48,"column":0},"end":{"line":51,"column":1}}},"fnMap":{"0":{"name":"getAllPendingTickets","decl":{"start":{"line":10,"column":15},"end":{"line":10,"column":35}},"loc":{"start":{"line":10,"column":37},"end":{"line":26,"column":1}},"line":10},"1":{"name":"editTicket","decl":{"start":{"line":30,"column":15},"end":{"line":30,"column":25}},"loc":{"start":{"line":30,"column":33},"end":{"line":44,"column":1}},"line":30}},"branchMap":{},"s":{"0":1,"1":1,"2":1,"3":1,"4":1,"5":1,"6":0,"7":0,"8":0,"9":0,"10":0,"11":0,"12":0,"13":0,"14":0,"15":0,"16":0,"17":0,"18":0,"19":1},"f":{"0":0,"1":0},"b":{},"_coverageSchema":"1a1c01bbd47fc00a2c39e90264f33305004495a9","hash":"1cd786b2f9d13d67e0cc235d804fa6ae9332c752"}
,"C:\\Users\\gwenc\\RevatureProgramming\\Training\\foundations_project_gwenc\\src\\repository\\userDAO.js": {"path":"C:\\Users\\gwenc\\RevatureProgramming\\Training\\foundations_project_gwenc\\src\\repository\\userDAO.js","statementMap":{"0":{"start":{"line":1,"column":27},"end":{"line":1,"column":63}},"1":{"start":{"line":2,"column":60},"end":{"line":2,"column":92}},"2":{"start":{"line":3,"column":19},"end":{"line":3,"column":45}},"3":{"start":{"line":5,"column":15},"end":{"line":5,"column":56}},"4":{"start":{"line":6,"column":23},"end":{"line":6,"column":58}},"5":{"start":{"line":8,"column":18},"end":{"line":8,"column":30}},"6":{"start":{"line":14,"column":4},"end":{"line":14,"column":46}},"7":{"start":{"line":15,"column":20},"end":{"line":18,"column":6}},"8":{"start":{"line":20,"column":4},"end":{"line":30,"column":5}},"9":{"start":{"line":22,"column":33},"end":{"line":22,"column":67}},"10":{"start":{"line":23,"column":8},"end":{"line":23,"column":54}},"11":{"start":{"line":24,"column":8},"end":{"line":24,"column":88}},"12":{"start":{"line":25,"column":8},"end":{"line":25,"column":32}},"13":{"start":{"line":29,"column":8},"end":{"line":29,"column":28}},"14":{"start":{"line":36,"column":20},"end":{"line":41,"column":6}},"15":{"start":{"line":43,"column":4},"end":{"line":51,"column":5}},"16":{"start":{"line":44,"column":25},"end":{"line":44,"column":59}},"17":{"start":{"line":46,"column":8},"end":{"line":46,"column":81}},"18":{"start":{"line":47,"column":8},"end":{"line":47,"column":33}},"19":{"start":{"line":49,"column":8},"end":{"line":49,"column":28}},"20":{"start":{"line":50,"column":8},"end":{"line":50,"column":20}},"21":{"start":{"line":57,"column":0},"end":{"line":60,"column":1}}},"fnMap":{"0":{"name":"registerNewUser","decl":{"start":{"line":13,"column":15},"end":{"line":13,"column":30}},"loc":{"start":{"line":13,"column":36},"end":{"line":31,"column":1}},"line":13},"1":{"name":"getUserByUsername","decl":{"start":{"line":35,"column":15},"end":{"line":35,"column":32}},"loc":{"start":{"line":35,"column":42},"end":{"line":52,"column":1}},"line":35}},"branchMap":{},"s":{"0":2,"1":2,"2":2,"3":2,"4":2,"5":2,"6":0,"7":0,"8":0,"9":0,"10":0,"11":0,"12":0,"13":0,"14":2,"15":2,"16":2,"17":0,"18":0,"19":0,"20":0,"21":2},"f":{"0":0,"1":2},"b":{},"_coverageSchema":"1a1c01bbd47fc00a2c39e90264f33305004495a9","hash":"253c18c0ffcf293003cb7a464e153dc5e03f9c2a"}
,"C:\\Users\\gwenc\\RevatureProgramming\\Training\\foundations_project_gwenc\\src\\service\\employeeService.js": {"path":"C:\\Users\\gwenc\\RevatureProgramming\\Training\\foundations_project_gwenc\\src\\service\\employeeService.js","statementMap":{"0":{"start":{"line":1,"column":20},"end":{"line":1,"column":57}},"1":{"start":{"line":2,"column":16},"end":{"line":2,"column":48}},"2":{"start":{"line":3,"column":19},"end":{"line":3,"column":44}},"3":{"start":{"line":4,"column":70},"end":{"line":4,"column":127}},"4":{"start":{"line":12,"column":23},"end":{"line":12,"column":60}},"5":{"start":{"line":13,"column":22},"end":{"line":13,"column":50}},"6":{"start":{"line":14,"column":20},"end":{"line":14,"column":46}},"7":{"start":{"line":16,"column":4},"end":{"line":43,"column":5}},"8":{"start":{"line":17,"column":8},"end":{"line":40,"column":9}},"9":{"start":{"line":18,"column":12},"end":{"line":18,"column":46}},"10":{"start":{"line":21,"column":12},"end":{"line":39,"column":13}},"11":{"start":{"line":22,"column":16},"end":{"line":22,"column":53}},"12":{"start":{"line":25,"column":16},"end":{"line":38,"column":17}},"13":{"start":{"line":26,"column":20},"end":{"line":26,"column":61}},"14":{"start":{"line":29,"column":42},"end":{"line":36,"column":22}},"15":{"start":{"line":37,"column":20},"end":{"line":37,"column":41}},"16":{"start":{"line":42,"column":8},"end":{"line":42,"column":33}},"17":{"start":{"line":52,"column":23},"end":{"line":52,"column":70}},"18":{"start":{"line":53,"column":4},"end":{"line":63,"column":5}},"19":{"start":{"line":54,"column":8},"end":{"line":60,"column":9}},"20":{"start":{"line":55,"column":12},"end":{"line":55,"column":46}},"21":{"start":{"line":56,"column":12},"end":{"line":56,"column":30}},"22":{"start":{"line":58,"column":12},"end":{"line":58,"column":50}},"23":{"start":{"line":59,"column":12},"end":{"line":59,"column":54}},"24":{"start":{"line":62,"column":8},"end":{"line":62,"column":34}},"25":{"start":{"line":68,"column":0},"end":{"line":71,"column":1}}},"fnMap":{"0":{"name":"submitNewTicket","decl":{"start":{"line":11,"column":15},"end":{"line":11,"column":30}},"loc":{"start":{"line":11,"column":38},"end":{"line":45,"column":1}},"line":11},"1":{"name":"getAllTicketsByCreatorName","decl":{"start":{"line":51,"column":15},"end":{"line":51,"column":41}},"loc":{"start":{"line":51,"column":50},"end":{"line":64,"column":1}},"line":51}},"branchMap":{"0":{"loc":{"start":{"line":17,"column":8},"end":{"line":40,"column":9}},"type":"if","locations":[{"start":{"line":17,"column":8},"end":{"line":40,"column":9}},{"start":{"line":19,"column":13},"end":{"line":40,"column":9}}],"line":17},"1":{"loc":{"start":{"line":21,"column":12},"end":{"line":39,"column":13}},"type":"if","locations":[{"start":{"line":21,"column":12},"end":{"line":39,"column":13}},{"start":{"line":23,"column":17},"end":{"line":39,"column":13}}],"line":21},"2":{"loc":{"start":{"line":25,"column":16},"end":{"line":38,"column":17}},"type":"if","locations":[{"start":{"line":25,"column":16},"end":{"line":38,"column":17}},{"start":{"line":27,"column":21},"end":{"line":38,"column":17}}],"line":25},"3":{"loc":{"start":{"line":54,"column":8},"end":{"line":60,"column":9}},"type":"if","locations":[{"start":{"line":54,"column":8},"end":{"line":60,"column":9}},{"start":{"line":57,"column":13},"end":{"line":60,"column":9}}],"line":54},"4":{"loc":{"start":{"line":54,"column":11},"end":{"line":54,"column":38}},"type":"binary-expr","locations":[{"start":{"line":54,"column":11},"end":{"line":54,"column":21}},{"start":{"line":54,"column":25},"end":{"line":54,"column":38}}],"line":54}},"s":{"0":1,"1":1,"2":1,"3":1,"4":0,"5":0,"6":0,"7":0,"8":0,"9":0,"10":0,"11":0,"12":0,"13":0,"14":0,"15":0,"16":0,"17":0,"18":0,"19":0,"20":0,"21":0,"22":0,"23":0,"24":0,"25":1},"f":{"0":0,"1":0},"b":{"0":[0,0],"1":[0,0],"2":[0,0],"3":[0,0],"4":[0,0]},"_coverageSchema":"1a1c01bbd47fc00a2c39e90264f33305004495a9","hash":"e46dceec9983addb47b696b41c50a72dedc2c5f5"}
,"C:\\Users\\gwenc\\RevatureProgramming\\Training\\foundations_project_gwenc\\src\\service\\financeMgrService.js": {"path":"C:\\Users\\gwenc\\RevatureProgramming\\Training\\foundations_project_gwenc\\src\\service\\financeMgrService.js","statementMap":{"0":{"start":{"line":1,"column":22},"end":{"line":1,"column":61}},"1":{"start":{"line":2,"column":20},"end":{"line":2,"column":56}},"2":{"start":{"line":3,"column":19},"end":{"line":3,"column":44}},"3":{"start":{"line":6,"column":30},"end":{"line":6,"column":72}},"4":{"start":{"line":7,"column":4},"end":{"line":17,"column":5}},"5":{"start":{"line":8,"column":8},"end":{"line":14,"column":9}},"6":{"start":{"line":9,"column":12},"end":{"line":9,"column":39}},"7":{"start":{"line":11,"column":12},"end":{"line":11,"column":37}},"8":{"start":{"line":13,"column":12},"end":{"line":13,"column":47}},"9":{"start":{"line":16,"column":8},"end":{"line":16,"column":34}},"10":{"start":{"line":23,"column":4},"end":{"line":41,"column":5}},"11":{"start":{"line":24,"column":8},"end":{"line":38,"column":9}},"12":{"start":{"line":25,"column":12},"end":{"line":25,"column":54}},"13":{"start":{"line":27,"column":12},"end":{"line":27,"column":40}},"14":{"start":{"line":28,"column":32},"end":{"line":35,"column":14}},"15":{"start":{"line":36,"column":12},"end":{"line":36,"column":55}},"16":{"start":{"line":37,"column":12},"end":{"line":37,"column":31}},"17":{"start":{"line":40,"column":8},"end":{"line":40,"column":34}},"18":{"start":{"line":47,"column":4},"end":{"line":65,"column":5}},"19":{"start":{"line":48,"column":8},"end":{"line":62,"column":9}},"20":{"start":{"line":49,"column":12},"end":{"line":49,"column":54}},"21":{"start":{"line":51,"column":12},"end":{"line":51,"column":40}},"22":{"start":{"line":52,"column":32},"end":{"line":59,"column":14}},"23":{"start":{"line":60,"column":12},"end":{"line":60,"column":55}},"24":{"start":{"line":61,"column":12},"end":{"line":61,"column":31}},"25":{"start":{"line":64,"column":8},"end":{"line":64,"column":34}},"26":{"start":{"line":70,"column":0},"end":{"line":74,"column":1}}},"fnMap":{"0":{"name":"getAllPendingTickets","decl":{"start":{"line":5,"column":15},"end":{"line":5,"column":35}},"loc":{"start":{"line":5,"column":37},"end":{"line":18,"column":1}},"line":5},"1":{"name":"approveTicket","decl":{"start":{"line":22,"column":15},"end":{"line":22,"column":28}},"loc":{"start":{"line":22,"column":36},"end":{"line":42,"column":1}},"line":22},"2":{"name":"denyTicket","decl":{"start":{"line":46,"column":15},"end":{"line":46,"column":25}},"loc":{"start":{"line":46,"column":33},"end":{"line":66,"column":1}},"line":46}},"branchMap":{"0":{"loc":{"start":{"line":8,"column":8},"end":{"line":14,"column":9}},"type":"if","locations":[{"start":{"line":8,"column":8},"end":{"line":14,"column":9}},{"start":{"line":12,"column":13},"end":{"line":14,"column":9}}],"line":8},"1":{"loc":{"start":{"line":24,"column":8},"end":{"line":38,"column":9}},"type":"if","locations":[{"start":{"line":24,"column":8},"end":{"line":38,"column":9}},{"start":{"line":26,"column":13},"end":{"line":38,"column":9}}],"line":24},"2":{"loc":{"start":{"line":48,"column":8},"end":{"line":62,"column":9}},"type":"if","locations":[{"start":{"line":48,"column":8},"end":{"line":62,"column":9}},{"start":{"line":50,"column":13},"end":{"line":62,"column":9}}],"line":48}},"s":{"0":1,"1":1,"2":1,"3":0,"4":0,"5":0,"6":0,"7":0,"8":0,"9":0,"10":0,"11":0,"12":0,"13":0,"14":0,"15":0,"16":0,"17":0,"18":0,"19":0,"20":0,"21":0,"22":0,"23":0,"24":0,"25":0,"26":1},"f":{"0":0,"1":0,"2":0},"b":{"0":[0,0],"1":[0,0],"2":[0,0]},"_coverageSchema":"1a1c01bbd47fc00a2c39e90264f33305004495a9","hash":"f9d1ef49b845236f0ee0619c113788770e50ec04"}
,"C:\\Users\\gwenc\\RevatureProgramming\\Training\\foundations_project_gwenc\\src\\service\\userService.js": {"path":"C:\\Users\\gwenc\\RevatureProgramming\\Training\\foundations_project_gwenc\\src\\service\\userService.js","statementMap":{"0":{"start":{"line":1,"column":16},"end":{"line":1,"column":48}},"1":{"start":{"line":2,"column":15},"end":{"line":2,"column":32}},"2":{"start":{"line":3,"column":20},"end":{"line":3,"column":45}},"3":{"start":{"line":4,"column":51},"end":{"line":4,"column":106}},"4":{"start":{"line":9,"column":23},"end":{"line":9,"column":25}},"5":{"start":{"line":10,"column":4},"end":{"line":36,"column":4}},"6":{"start":{"line":11,"column":8},"end":{"line":33,"column":9}},"7":{"start":{"line":13,"column":32},"end":{"line":13,"column":75}},"8":{"start":{"line":15,"column":12},"end":{"line":30,"column":13}},"9":{"start":{"line":16,"column":16},"end":{"line":16,"column":60}},"10":{"start":{"line":17,"column":16},"end":{"line":17,"column":60}},"11":{"start":{"line":21,"column":33},"end":{"line":21,"column":77}},"12":{"start":{"line":22,"column":36},"end":{"line":26,"column":18}},"13":{"start":{"line":28,"column":16},"end":{"line":28,"column":79}},"14":{"start":{"line":29,"column":16},"end":{"line":29,"column":35}},"15":{"start":{"line":32,"column":12},"end":{"line":32,"column":63}},"16":{"start":{"line":35,"column":8},"end":{"line":35,"column":34}},"17":{"start":{"line":45,"column":22},"end":{"line":45,"column":55}},"18":{"start":{"line":46,"column":4},"end":{"line":56,"column":5}},"19":{"start":{"line":47,"column":8},"end":{"line":53,"column":9}},"20":{"start":{"line":48,"column":12},"end":{"line":48,"column":72}},"21":{"start":{"line":49,"column":12},"end":{"line":49,"column":29}},"22":{"start":{"line":51,"column":12},"end":{"line":51,"column":70}},"23":{"start":{"line":52,"column":12},"end":{"line":52,"column":61}},"24":{"start":{"line":55,"column":8},"end":{"line":55,"column":34}},"25":{"start":{"line":60,"column":4},"end":{"line":75,"column":5}},"26":{"start":{"line":61,"column":8},"end":{"line":72,"column":9}},"27":{"start":{"line":62,"column":25},"end":{"line":62,"column":66}},"28":{"start":{"line":63,"column":12},"end":{"line":69,"column":13}},"29":{"start":{"line":64,"column":16},"end":{"line":64,"column":71}},"30":{"start":{"line":65,"column":16},"end":{"line":65,"column":28}},"31":{"start":{"line":67,"column":16},"end":{"line":67,"column":64}},"32":{"start":{"line":68,"column":16},"end":{"line":68,"column":58}},"33":{"start":{"line":71,"column":12},"end":{"line":71,"column":56}},"34":{"start":{"line":74,"column":8},"end":{"line":74,"column":34}},"35":{"start":{"line":78,"column":0},"end":{"line":82,"column":1}}},"fnMap":{"0":{"name":"registerNewUser","decl":{"start":{"line":8,"column":15},"end":{"line":8,"column":30}},"loc":{"start":{"line":8,"column":36},"end":{"line":38,"column":1}},"line":8},"1":{"name":"validateUserLogin","decl":{"start":{"line":44,"column":15},"end":{"line":44,"column":32}},"loc":{"start":{"line":44,"column":52},"end":{"line":57,"column":1}},"line":44},"2":{"name":"getUserByUsername","decl":{"start":{"line":59,"column":15},"end":{"line":59,"column":32}},"loc":{"start":{"line":59,"column":43},"end":{"line":76,"column":1}},"line":59}},"branchMap":{"0":{"loc":{"start":{"line":11,"column":8},"end":{"line":33,"column":9}},"type":"if","locations":[{"start":{"line":11,"column":8},"end":{"line":33,"column":9}},{"start":{"line":31,"column":13},"end":{"line":33,"column":9}}],"line":11},"1":{"loc":{"start":{"line":15,"column":12},"end":{"line":30,"column":13}},"type":"if","locations":[{"start":{"line":15,"column":12},"end":{"line":30,"column":13}},{"start":{"line":18,"column":17},"end":{"line":30,"column":13}}],"line":15},"2":{"loc":{"start":{"line":47,"column":8},"end":{"line":53,"column":9}},"type":"if","locations":[{"start":{"line":47,"column":8},"end":{"line":53,"column":9}},{"start":{"line":50,"column":13},"end":{"line":53,"column":9}}],"line":47},"3":{"loc":{"start":{"line":47,"column":12},"end":{"line":47,"column":77}},"type":"binary-expr","locations":[{"start":{"line":47,"column":12},"end":{"line":47,"column":21}},{"start":{"line":47,"column":26},"end":{"line":47,"column":76}}],"line":47},"4":{"loc":{"start":{"line":61,"column":8},"end":{"line":72,"column":9}},"type":"if","locations":[{"start":{"line":61,"column":8},"end":{"line":72,"column":9}},{"start":{"line":70,"column":13},"end":{"line":72,"column":9}}],"line":61},"5":{"loc":{"start":{"line":63,"column":12},"end":{"line":69,"column":13}},"type":"if","locations":[{"start":{"line":63,"column":12},"end":{"line":69,"column":13}},{"start":{"line":66,"column":17},"end":{"line":69,"column":13}}],"line":63}},"s":{"0":1,"1":1,"2":1,"3":1,"4":0,"5":0,"6":0,"7":0,"8":0,"9":0,"10":0,"11":0,"12":0,"13":0,"14":0,"15":0,"16":0,"17":0,"18":0,"19":0,"20":0,"21":0,"22":0,"23":0,"24":0,"25":0,"26":0,"27":0,"28":0,"29":0,"30":0,"31":0,"32":0,"33":0,"34":0,"35":1},"f":{"0":0,"1":0,"2":0},"b":{"0":[0,0],"1":[0,0],"2":[0,0],"3":[0,0],"4":[0,0],"5":[0,0]},"_coverageSchema":"1a1c01bbd47fc00a2c39e90264f33305004495a9","hash":"4b6b2dc72bb5e3db17d185c4e2d13e35c7adcd51"}
,"C:\\Users\\gwenc\\RevatureProgramming\\Training\\foundations_project_gwenc\\src\\service\\utilService\\validateRegistration.js": {"path":"C:\\Users\\gwenc\\RevatureProgramming\\Training\\foundations_project_gwenc\\src\\service\\utilService\\validateRegistration.js","statementMap":{"0":{"start":{"line":1,"column":16},"end":{"line":1,"column":52}},"1":{"start":{"line":2,"column":15},"end":{"line":2,"column":32}},"2":{"start":{"line":3,"column":20},"end":{"line":3,"column":48}},"3":{"start":{"line":7,"column":26},"end":{"line":7,"column":46}},"4":{"start":{"line":8,"column":26},"end":{"line":8,"column":46}},"5":{"start":{"line":10,"column":4},"end":{"line":17,"column":5}},"6":{"start":{"line":11,"column":8},"end":{"line":11,"column":88}},"7":{"start":{"line":13,"column":8},"end":{"line":13,"column":20}},"8":{"start":{"line":15,"column":8},"end":{"line":15,"column":81}},"9":{"start":{"line":16,"column":8},"end":{"line":16,"column":20}},"10":{"start":{"line":22,"column":23},"end":{"line":22,"column":64}},"11":{"start":{"line":23,"column":4},"end":{"line":30,"column":5}},"12":{"start":{"line":24,"column":8},"end":{"line":24,"column":82}},"13":{"start":{"line":25,"column":8},"end":{"line":25,"column":66}},"14":{"start":{"line":26,"column":8},"end":{"line":26,"column":21}},"15":{"start":{"line":28,"column":8},"end":{"line":28,"column":74}},"16":{"start":{"line":29,"column":8},"end":{"line":29,"column":20}},"17":{"start":{"line":33,"column":0},"end":{"line":36,"column":1}}},"fnMap":{"0":{"name":"validateFields","decl":{"start":{"line":6,"column":15},"end":{"line":6,"column":29}},"loc":{"start":{"line":6,"column":35},"end":{"line":18,"column":1}},"line":6},"1":{"name":"validateUniqueUsername","decl":{"start":{"line":21,"column":15},"end":{"line":21,"column":37}},"loc":{"start":{"line":21,"column":47},"end":{"line":31,"column":1}},"line":21}},"branchMap":{"0":{"loc":{"start":{"line":10,"column":4},"end":{"line":17,"column":5}},"type":"if","locations":[{"start":{"line":10,"column":4},"end":{"line":17,"column":5}},{"start":{"line":14,"column":9},"end":{"line":17,"column":5}}],"line":10},"1":{"loc":{"start":{"line":10,"column":7},"end":{"line":10,"column":45}},"type":"binary-expr","locations":[{"start":{"line":10,"column":7},"end":{"line":10,"column":24}},{"start":{"line":10,"column":28},"end":{"line":10,"column":45}}],"line":10},"2":{"loc":{"start":{"line":23,"column":4},"end":{"line":30,"column":5}},"type":"if","locations":[{"start":{"line":23,"column":4},"end":{"line":30,"column":5}},{"start":{"line":27,"column":9},"end":{"line":30,"column":5}}],"line":23}},"s":{"0":2,"1":2,"2":2,"3":1,"4":1,"5":1,"6":1,"7":1,"8":0,"9":0,"10":2,"11":0,"12":0,"13":0,"14":0,"15":0,"16":0,"17":2},"f":{"0":1,"1":2},"b":{"0":[1,0],"1":[1,1],"2":[0,0]},"_coverageSchema":"1a1c01bbd47fc00a2c39e90264f33305004495a9","hash":"926858c9176f881669d224fec9d3d0a01ad6651e"}
,"C:\\Users\\gwenc\\RevatureProgramming\\Training\\foundations_project_gwenc\\src\\service\\utilService\\validateTicketCreation.js": {"path":"C:\\Users\\gwenc\\RevatureProgramming\\Training\\foundations_project_gwenc\\src\\service\\utilService\\validateTicketCreation.js","statementMap":{"0":{"start":{"line":1,"column":20},"end":{"line":1,"column":60}},"1":{"start":{"line":2,"column":16},"end":{"line":2,"column":52}},"2":{"start":{"line":3,"column":20},"end":{"line":3,"column":46}},"3":{"start":{"line":4,"column":20},"end":{"line":4,"column":48}},"4":{"start":{"line":7,"column":24},"end":{"line":7,"column":69}},"5":{"start":{"line":8,"column":4},"end":{"line":14,"column":5}},"6":{"start":{"line":9,"column":8},"end":{"line":9,"column":62}},"7":{"start":{"line":10,"column":8},"end":{"line":10,"column":20}},"8":{"start":{"line":12,"column":8},"end":{"line":12,"column":44}},"9":{"start":{"line":13,"column":8},"end":{"line":13,"column":21}},"10":{"start":{"line":21,"column":24},"end":{"line":21,"column":37}},"11":{"start":{"line":22,"column":4},"end":{"line":28,"column":5}},"12":{"start":{"line":23,"column":8},"end":{"line":23,"column":66}},"13":{"start":{"line":24,"column":8},"end":{"line":24,"column":21}},"14":{"start":{"line":26,"column":8},"end":{"line":26,"column":52}},"15":{"start":{"line":27,"column":8},"end":{"line":27,"column":20}},"16":{"start":{"line":34,"column":22},"end":{"line":34,"column":40}},"17":{"start":{"line":35,"column":4},"end":{"line":41,"column":5}},"18":{"start":{"line":36,"column":8},"end":{"line":36,"column":75}},"19":{"start":{"line":37,"column":8},"end":{"line":37,"column":21}},"20":{"start":{"line":39,"column":8},"end":{"line":39,"column":57}},"21":{"start":{"line":40,"column":8},"end":{"line":40,"column":20}},"22":{"start":{"line":46,"column":0},"end":{"line":51,"column":1}}},"fnMap":{"0":{"name":"validateCreator","decl":{"start":{"line":6,"column":15},"end":{"line":6,"column":30}},"loc":{"start":{"line":6,"column":40},"end":{"line":15,"column":1}},"line":6},"1":{"name":"validateAmount","decl":{"start":{"line":20,"column":15},"end":{"line":20,"column":29}},"loc":{"start":{"line":20,"column":38},"end":{"line":29,"column":1}},"line":20},"2":{"name":"validateDesc","decl":{"start":{"line":33,"column":15},"end":{"line":33,"column":27}},"loc":{"start":{"line":33,"column":36},"end":{"line":42,"column":1}},"line":33}},"branchMap":{"0":{"loc":{"start":{"line":8,"column":4},"end":{"line":14,"column":5}},"type":"if","locations":[{"start":{"line":8,"column":4},"end":{"line":14,"column":5}},{"start":{"line":11,"column":10},"end":{"line":14,"column":5}}],"line":8},"1":{"loc":{"start":{"line":22,"column":4},"end":{"line":28,"column":5}},"type":"if","locations":[{"start":{"line":22,"column":4},"end":{"line":28,"column":5}},{"start":{"line":25,"column":9},"end":{"line":28,"column":5}}],"line":22},"2":{"loc":{"start":{"line":22,"column":8},"end":{"line":22,"column":68}},"type":"binary-expr","locations":[{"start":{"line":22,"column":8},"end":{"line":22,"column":24}},{"start":{"line":22,"column":28},"end":{"line":22,"column":45}},{"start":{"line":22,"column":49},"end":{"line":22,"column":68}}],"line":22},"3":{"loc":{"start":{"line":35,"column":4},"end":{"line":41,"column":5}},"type":"if","locations":[{"start":{"line":35,"column":4},"end":{"line":41,"column":5}},{"start":{"line":38,"column":9},"end":{"line":41,"column":5}}],"line":35},"4":{"loc":{"start":{"line":35,"column":8},"end":{"line":35,"column":62}},"type":"binary-expr","locations":[{"start":{"line":35,"column":8},"end":{"line":35,"column":22}},{"start":{"line":35,"column":26},"end":{"line":35,"column":41}},{"start":{"line":35,"column":45},"end":{"line":35,"column":62}}],"line":35}},"s":{"0":1,"1":1,"2":1,"3":1,"4":0,"5":0,"6":0,"7":0,"8":0,"9":0,"10":0,"11":0,"12":0,"13":0,"14":0,"15":0,"16":0,"17":0,"18":0,"19":0,"20":0,"21":0,"22":1},"f":{"0":0,"1":0,"2":0},"b":{"0":[0,0],"1":[0,0],"2":[0,0,0],"3":[0,0],"4":[0,0,0]},"_coverageSchema":"1a1c01bbd47fc00a2c39e90264f33305004495a9","hash":"3e97dc286913ccfd4683856d893d65bb6ff7675d"}
,"C:\\Users\\gwenc\\RevatureProgramming\\Training\\foundations_project_gwenc\\src\\util\\logger.js": {"path":"C:\\Users\\gwenc\\RevatureProgramming\\Training\\foundations_project_gwenc\\src\\util\\logger.js","statementMap":{"0":{"start":{"line":1,"column":45},"end":{"line":1,"column":63}},"1":{"start":{"line":3,"column":15},"end":{"line":14,"column":2}},"2":{"start":{"line":7,"column":6},"end":{"line":7,"column":51}},"3":{"start":{"line":17,"column":0},"end":{"line":19,"column":1}}},"fnMap":{"0":{"name":"(anonymous_0)","decl":{"start":{"line":6,"column":18},"end":{"line":6,"column":19}},"loc":{"start":{"line":6,"column":53},"end":{"line":8,"column":5}},"line":6}},"branchMap":{},"s":{"0":3,"1":3,"2":1,"3":3},"f":{"0":1},"b":{},"_coverageSchema":"1a1c01bbd47fc00a2c39e90264f33305004495a9","hash":"d2af07da3c8440064149181ccdb34715c7c8eca8"}
}
