TN:
SF:src\repository\employeeDAO.js
FN:11,submitNewTicket
FN:30,getAllTicketsByCreatorName
FNF:2
FNH:0
FNDA:0,submitNewTicket
FNDA:0,getAllTicketsByCreatorName
DA:1,2
DA:2,2
DA:3,2
DA:5,2
DA:6,2
DA:8,2
DA:12,0
DA:17,0
DA:18,0
DA:19,0
DA:20,0
DA:23,0
DA:31,0
DA:38,0
DA:39,0
DA:40,0
DA:41,0
DA:43,0
DA:44,0
DA:50,2
LF:20
LH:7
BRF:0
BRH:0
end_of_record
TN:
SF:src\repository\financeMgrDAO.js
FN:10,getAllPendingTickets
FN:30,editTicket
FNF:2
FNH:0
FNDA:0,getAllPendingTickets
FNDA:0,editTicket
DA:1,1
DA:2,1
DA:3,1
DA:5,1
DA:6,1
DA:8,1
DA:11,0
DA:18,0
DA:19,0
DA:20,0
DA:21,0
DA:23,0
DA:24,0
DA:31,0
DA:36,0
DA:37,0
DA:38,0
DA:39,0
DA:41,0
DA:48,1
LF:20
LH:7
BRF:0
BRH:0
end_of_record
TN:
SF:src\repository\userDAO.js
FN:13,registerNewUser
FN:35,getUserByUsername
FNF:2
FNH:1
FNDA:0,registerNewUser
FNDA:2,getUserByUsername
DA:1,2
DA:2,2
DA:3,2
DA:5,2
DA:6,2
DA:8,2
DA:14,0
DA:15,0
DA:20,0
DA:22,0
DA:23,0
DA:24,0
DA:25,0
DA:29,0
DA:36,2
DA:43,2
DA:44,2
DA:46,0
DA:47,0
DA:49,0
DA:50,0
DA:57,2
LF:22
LH:10
BRF:0
BRH:0
end_of_record
TN:
SF:src\service\employeeService.js
FN:11,submitNewTicket
FN:51,getAllTicketsByCreatorName
FNF:2
FNH:0
FNDA:0,submitNewTicket
FNDA:0,getAllTicketsByCreatorName
DA:1,1
DA:2,1
DA:3,1
DA:4,1
DA:12,0
DA:13,0
DA:14,0
DA:16,0
DA:17,0
DA:18,0
DA:21,0
DA:22,0
DA:25,0
DA:26,0
DA:29,0
DA:37,0
DA:42,0
DA:52,0
DA:53,0
DA:54,0
DA:55,0
DA:56,0
DA:58,0
DA:59,0
DA:62,0
DA:68,1
LF:26
LH:5
BRDA:17,0,0,0
BRDA:17,0,1,0
BRDA:21,1,0,0
BRDA:21,1,1,0
BRDA:25,2,0,0
BRDA:25,2,1,0
BRDA:54,3,0,0
BRDA:54,3,1,0
BRDA:54,4,0,0
BRDA:54,4,1,0
BRF:10
BRH:0
end_of_record
TN:
SF:src\service\financeMgrService.js
FN:5,getAllPendingTickets
FN:22,approveTicket
FN:46,denyTicket
FNF:3
FNH:0
FNDA:0,getAllPendingTickets
FNDA:0,approveTicket
FNDA:0,denyTicket
DA:1,1
DA:2,1
DA:3,1
DA:6,0
DA:7,0
DA:8,0
DA:9,0
DA:11,0
DA:13,0
DA:16,0
DA:23,0
DA:24,0
DA:25,0
DA:27,0
DA:28,0
DA:36,0
DA:37,0
DA:40,0
DA:47,0
DA:48,0
DA:49,0
DA:51,0
DA:52,0
DA:60,0
DA:61,0
DA:64,0
DA:70,1
LF:27
LH:4
BRDA:8,0,0,0
BRDA:8,0,1,0
BRDA:24,1,0,0
BRDA:24,1,1,0
BRDA:48,2,0,0
BRDA:48,2,1,0
BRF:6
BRH:0
end_of_record
TN:
SF:src\service\userService.js
FN:8,registerNewUser
FN:44,validateUserLogin
FN:59,getUserByUsername
FNF:3
FNH:0
FNDA:0,registerNewUser
FNDA:0,validateUserLogin
FNDA:0,getUserByUsername
DA:1,1
DA:2,1
DA:3,1
DA:4,1
DA:9,0
DA:10,0
DA:11,0
DA:13,0
DA:15,0
DA:16,0
DA:17,0
DA:21,0
DA:22,0
DA:28,0
DA:29,0
DA:32,0
DA:35,0
DA:45,0
DA:46,0
DA:47,0
DA:48,0
DA:49,0
DA:51,0
DA:52,0
DA:55,0
DA:60,0
DA:61,0
DA:62,0
DA:63,0
DA:64,0
DA:65,0
DA:67,0
DA:68,0
DA:71,0
DA:74,0
DA:78,1
LF:36
LH:5
BRDA:11,0,0,0
BRDA:11,0,1,0
BRDA:15,1,0,0
BRDA:15,1,1,0
BRDA:47,2,0,0
BRDA:47,2,1,0
BRDA:47,3,0,0
BRDA:47,3,1,0
BRDA:61,4,0,0
BRDA:61,4,1,0
BRDA:63,5,0,0
BRDA:63,5,1,0
BRF:12
BRH:0
end_of_record
TN:
SF:src\service\utilService\validateRegistration.js
FN:6,validateFields
FN:21,validateUniqueUsername
FNF:2
FNH:2
FNDA:1,validateFields
FNDA:2,validateUniqueUsername
DA:1,2
DA:2,2
DA:3,2
DA:7,1
DA:8,1
DA:10,1
DA:11,1
DA:13,1
DA:15,0
DA:16,0
DA:22,2
DA:23,0
DA:24,0
DA:25,0
DA:26,0
DA:28,0
DA:29,0
DA:33,2
LF:18
LH:10
BRDA:10,0,0,1
BRDA:10,0,1,0
BRDA:10,1,0,1
BRDA:10,1,1,1
BRDA:23,2,0,0
BRDA:23,2,1,0
BRF:6
BRH:3
end_of_record
TN:
SF:src\service\utilService\validateTicketCreation.js
FN:6,validateCreator
FN:20,validateAmount
FN:33,validateDesc
FNF:3
FNH:0
FNDA:0,validateCreator
FNDA:0,validateAmount
FNDA:0,validateDesc
DA:1,1
DA:2,1
DA:3,1
DA:4,1
DA:7,0
DA:8,0
DA:9,0
DA:10,0
DA:12,0
DA:13,0
DA:21,0
DA:22,0
DA:23,0
DA:24,0
DA:26,0
DA:27,0
DA:34,0
DA:35,0
DA:36,0
DA:37,0
DA:39,0
DA:40,0
DA:46,1
LF:23
LH:5
BRDA:8,0,0,0
BRDA:8,0,1,0
BRDA:22,1,0,0
BRDA:22,1,1,0
BRDA:22,2,0,0
BRDA:22,2,1,0
BRDA:22,2,2,0
BRDA:35,3,0,0
BRDA:35,3,1,0
BRDA:35,4,0,0
BRDA:35,4,1,0
BRDA:35,4,2,0
BRF:12
BRH:0
end_of_record
TN:
SF:src\util\logger.js
FN:6,(anonymous_0)
FNF:1
FNH:1
FNDA:1,(anonymous_0)
DA:1,3
DA:3,3
DA:7,1
DA:17,3
LF:4
LH:4
BRF:0
BRH:0
end_of_record
