TN:
SF:src\repository\employeeDAO.js
FN:12,submitNewTicket
FN:39,getAllTicketsByCreatorName
FNF:2
FNH:0
FNDA:0,submitNewTicket
FNDA:0,getAllTicketsByCreatorName
DA:1,2
DA:2,2
DA:3,2
DA:5,2
DA:6,2
DA:8,2
DA:13,0
DA:26,0
DA:27,0
DA:28,0
DA:29,0
DA:32,0
DA:40,0
DA:47,0
DA:48,0
DA:49,0
DA:50,0
DA:52,0
DA:53,0
DA:60,2
LF:20
LH:7
BRF:0
BRH:0
end_of_record
TN:
SF:src\repository\financeMgrDAO.js
FN:10,getAllPendingTickets
FN:30,editTicket
FNF:2
FNH:0
FNDA:0,getAllPendingTickets
FNDA:0,editTicket
DA:1,1
DA:2,1
DA:3,1
DA:5,1
DA:6,1
DA:8,1
DA:11,0
DA:18,0
DA:19,0
DA:20,0
DA:21,0
DA:23,0
DA:24,0
DA:31,0
DA:36,0
DA:37,0
DA:38,0
DA:39,0
DA:41,0
DA:49,1
LF:20
LH:7
BRF:0
BRH:0
end_of_record
TN:
SF:src\repository\userDAO.js
FN:14,registerNewUser
FN:60,getUserByUsername
FNF:2
FNH:1
FNDA:0,registerNewUser
FNDA:2,getUserByUsername
DA:1,2
DA:2,2
DA:3,2
DA:5,2
DA:6,2
DA:8,2
DA:15,0
DA:16,0
DA:21,0
DA:23,0
DA:24,0
DA:25,0
DA:26,0
DA:30,0
DA:61,2
DA:68,2
DA:69,2
DA:71,0
DA:72,0
DA:74,0
DA:75,0
DA:82,2
LF:22
LH:10
BRF:0
BRH:0
end_of_record
TN:
SF:src\service\employeeService.js
FN:10,submitNewTicket
FN:47,getAllTicketsByCreatorName
FNF:2
FNH:0
FNDA:0,submitNewTicket
FNDA:0,getAllTicketsByCreatorName
DA:1,1
DA:2,1
DA:3,1
DA:4,1
DA:11,0
DA:12,0
DA:13,0
DA:15,0
DA:16,0
DA:18,0
DA:19,0
DA:20,0
DA:22,0
DA:23,0
DA:24,0
DA:26,0
DA:27,0
DA:35,0
DA:48,0
DA:49,0
DA:50,0
DA:51,0
DA:53,0
DA:54,0
DA:61,1
LF:25
LH:5
BRDA:15,0,0,0
BRDA:15,0,1,0
BRDA:19,1,0,0
BRDA:19,1,1,0
BRDA:23,2,0,0
BRDA:23,2,1,0
BRDA:49,3,0,0
BRDA:49,3,1,0
BRDA:49,4,0,0
BRDA:49,4,1,0
BRF:10
BRH:0
end_of_record
TN:
SF:src\service\financeMgrService.js
FN:8,getAllPendingTickets
FN:22,approveTicket
FN:42,denyTicket
FNF:3
FNH:0
FNDA:0,getAllPendingTickets
FNDA:0,approveTicket
FNDA:0,denyTicket
DA:1,1
DA:2,1
DA:3,1
DA:9,0
DA:10,0
DA:11,0
DA:12,0
DA:14,0
DA:15,0
DA:23,0
DA:24,0
DA:26,0
DA:27,0
DA:35,0
DA:36,0
DA:43,0
DA:44,0
DA:46,0
DA:47,0
DA:55,0
DA:56,0
DA:62,1
LF:22
LH:4
BRDA:10,0,0,0
BRDA:10,0,1,0
BRDA:23,1,0,0
BRDA:23,1,1,0
BRDA:43,2,0,0
BRDA:43,2,1,0
BRF:6
BRH:0
end_of_record
TN:
SF:src\service\userService.js
FN:7,registerNewUser
FN:38,validateUserLogin
FN:48,getUserByUsername
FNF:3
FNH:0
FNDA:0,registerNewUser
FNDA:0,validateUserLogin
FNDA:0,getUserByUsername
DA:1,1
DA:2,1
DA:3,1
DA:4,1
DA:8,0
DA:9,0
DA:10,0
DA:11,0
DA:12,0
DA:13,0
DA:14,0
DA:15,0
DA:17,0
DA:18,0
DA:19,0
DA:20,0
DA:25,0
DA:26,0
DA:27,0
DA:30,0
DA:39,0
DA:40,0
DA:41,0
DA:42,0
DA:44,0
DA:49,0
DA:50,0
DA:51,0
DA:52,0
DA:53,0
DA:55,0
DA:56,0
DA:61,1
LF:33
LH:5
BRDA:9,0,0,0
BRDA:9,0,1,0
BRDA:13,1,0,0
BRDA:13,1,1,0
BRDA:40,2,0,0
BRDA:40,2,1,0
BRDA:40,3,0,0
BRDA:40,3,1,0
BRDA:49,4,0,0
BRDA:49,4,1,0
BRDA:51,5,0,0
BRDA:51,5,1,0
BRF:12
BRH:0
end_of_record
TN:
SF:src\service\utilService\validateRegistration.js
FN:10,validateFields
FN:25,validateUniqueUsername
FNF:2
FNH:2
FNDA:1,validateFields
FNDA:2,validateUniqueUsername
DA:1,2
DA:2,2
DA:3,2
DA:11,1
DA:12,1
DA:14,1
DA:15,1
DA:17,1
DA:19,0
DA:20,0
DA:26,2
DA:27,0
DA:28,0
DA:29,0
DA:30,0
DA:32,0
DA:33,0
DA:37,2
LF:18
LH:10
BRDA:14,0,0,1
BRDA:14,0,1,0
BRDA:14,1,0,1
BRDA:14,1,1,1
BRDA:27,2,0,0
BRDA:27,2,1,0
BRF:6
BRH:3
end_of_record
TN:
SF:src\service\utilService\validateTicketCreation.js
FN:20,validateCreator
FN:35,validateAmount
FN:48,validateDesc
FNF:3
FNH:0
FNDA:0,validateCreator
FNDA:0,validateAmount
FNDA:0,validateDesc
DA:1,1
DA:2,1
DA:3,1
DA:4,1
DA:21,0
DA:22,0
DA:23,0
DA:24,0
DA:26,0
DA:27,0
DA:36,0
DA:37,0
DA:38,0
DA:39,0
DA:41,0
DA:42,0
DA:49,0
DA:50,0
DA:51,0
DA:52,0
DA:54,0
DA:55,0
DA:62,1
LF:23
LH:5
BRDA:22,0,0,0
BRDA:22,0,1,0
BRDA:37,1,0,0
BRDA:37,1,1,0
BRDA:37,2,0,0
BRDA:37,2,1,0
BRDA:37,2,2,0
BRDA:50,3,0,0
BRDA:50,3,1,0
BRDA:50,4,0,0
BRDA:50,4,1,0
BRDA:50,4,2,0
BRF:12
BRH:0
end_of_record
TN:
SF:src\util\logger.js
FN:6,(anonymous_0)
FNF:1
FNH:1
FNDA:1,(anonymous_0)
DA:1,3
DA:3,3
DA:7,1
DA:17,3
LF:4
LH:4
BRF:0
BRH:0
end_of_record
